<?xml version="1.0" encoding="UTF-8"?>
<coverage generated="1747309602609" clover="3.2.0">
  <project timestamp="1747309602609" name="All files">
    <metrics statements="20" coveredstatements="20" conditionals="14" coveredconditionals="10" methods="1" coveredmethods="1" elements="35" coveredelements="31" complexity="0" loc="20" ncloc="20" packages="1" files="2" classes="2"/>
    <file name="authenticate.js" path="/Users/melanie.rogan/Documents/tps-lookup/authenticate.js">
      <metrics statements="8" coveredstatements="8" conditionals="4" coveredconditionals="4" methods="1" coveredmethods="1"/>
      <line num="1" count="2" type="stmt"/>
      <line num="2" count="2" type="stmt"/>
      <line num="3" count="2" type="stmt"/>
      <line num="5" count="2" type="stmt"/>
      <line num="6" count="2" type="stmt"/>
      <line num="7" count="2" type="cond" truecount="4" falsecount="0"/>
      <line num="8" count="1" type="stmt"/>
      <line num="11" count="1" type="stmt"/>
    </file>
    <file name="config.js" path="/Users/melanie.rogan/Documents/tps-lookup/config.js">
      <metrics statements="12" coveredstatements="12" conditionals="10" coveredconditionals="6" methods="0" coveredmethods="0"/>
      <line num="1" count="2" type="stmt"/>
      <line num="4" count="2" type="cond" truecount="1" falsecount="1"/>
      <line num="5" count="2" type="cond" truecount="2" falsecount="0"/>
      <line num="8" count="2" type="stmt"/>
      <line num="9" count="2" type="stmt"/>
      <line num="10" count="2" type="stmt"/>
      <line num="11" count="2" type="stmt"/>
      <line num="14" count="2" type="cond" truecount="1" falsecount="1"/>
      <line num="15" count="2" type="stmt"/>
      <line num="16" count="2" type="stmt"/>
      <line num="17" count="2" type="cond" truecount="1" falsecount="1"/>
      <line num="18" count="2" type="cond" truecount="1" falsecount="1"/>
    </file>
  </project>
</coverage>
