{"/Users/melanie.rogan/Documents/tps-lookup/config.js": {"path":"/Users/melanie.rogan/Documents/tps-lookup/config.js","statementMap":{"0":{"start":{"line":1,"column":15},"end":{"line":1,"column":22}},"1":{"start":{"line":4,"column":0},"end":{"line":4,"column":56}},"2":{"start":{"line":5,"column":0},"end":{"line":5,"column":39}},"3":{"start":{"line":8,"column":0},"end":{"line":8,"column":40}},"4":{"start":{"line":9,"column":0},"end":{"line":9,"column":40}},"5":{"start":{"line":10,"column":0},"end":{"line":10,"column":48}},"6":{"start":{"line":11,"column":0},"end":{"line":11,"column":48}},"7":{"start":{"line":14,"column":0},"end":{"line":14,"column":76}},"8":{"start":{"line":15,"column":0},"end":{"line":15,"column":54}},"9":{"start":{"line":16,"column":0},"end":{"line":16,"column":62}},"10":{"start":{"line":17,"column":0},"end":{"line":17,"column":57}},"11":{"start":{"line":18,"column":0},"end":{"line":18,"column":53}}},"fnMap":{},"branchMap":{"0":{"loc":{"start":{"line":4,"column":18},"end":{"line":4,"column":55}},"type":"binary-expr","locations":[{"start":{"line":4,"column":18},"end":{"line":4,"column":38}},{"start":{"line":4,"column":42},"end":{"line":4,"column":55}}],"line":4},"1":{"loc":{"start":{"line":5,"column":14},"end":{"line":5,"column":38}},"type":"binary-expr","locations":[{"start":{"line":5,"column":14},"end":{"line":5,"column":30}},{"start":{"line":5,"column":34},"end":{"line":5,"column":38}}],"line":5},"2":{"loc":{"start":{"line":14,"column":19},"end":{"line":14,"column":75}},"type":"binary-expr","locations":[{"start":{"line":14,"column":19},"end":{"line":14,"column":41}},{"start":{"line":14,"column":45},"end":{"line":14,"column":75}}],"line":14},"3":{"loc":{"start":{"line":17,"column":19},"end":{"line":17,"column":56}},"type":"binary-expr","locations":[{"start":{"line":17,"column":19},"end":{"line":17,"column":41}},{"start":{"line":17,"column":45},"end":{"line":17,"column":56}}],"line":17},"4":{"loc":{"start":{"line":18,"column":16},"end":{"line":18,"column":52}},"type":"binary-expr","locations":[{"start":{"line":18,"column":16},"end":{"line":18,"column":35}},{"start":{"line":18,"column":39},"end":{"line":18,"column":52}}],"line":18}},"s":{"0":1,"1":1,"2":1,"3":1,"4":1,"5":1,"6":1,"7":1,"8":1,"9":1,"10":1,"11":1},"f":{},"b":{"0":[1,0],"1":[1,1],"2":[1,0],"3":[1,0],"4":[1,1]},"_coverageSchema":"1a1c01bbd47fc00a2c39e90264f33305004495a9","hash":"9d4cfa168aa3cadee5ca352066a12bffe74eefed"}
,"/Users/melanie.rogan/Documents/tps-lookup/ensureHttps.js": {"path":"/Users/melanie.rogan/Documents/tps-lookup/ensureHttps.js","statementMap":{"0":{"start":{"line":1,"column":0},"end":{"line":18,"column":2}},"1":{"start":{"line":4,"column":4},"end":{"line":8,"column":5}},"2":{"start":{"line":5,"column":18},"end":{"line":5,"column":83}},"3":{"start":{"line":6,"column":6},"end":{"line":6,"column":23}},"4":{"start":{"line":7,"column":6},"end":{"line":7,"column":23}},"5":{"start":{"line":9,"column":4},"end":{"line":9,"column":18}},"6":{"start":{"line":13,"column":4},"end":{"line":15,"column":5}},"7":{"start":{"line":14,"column":6},"end":{"line":14,"column":66}},"8":{"start":{"line":16,"column":4},"end":{"line":16,"column":18}}},"fnMap":{"0":{"name":"(anonymous_0)","decl":{"start":{"line":2,"column":15},"end":{"line":2,"column":16}},"loc":{"start":{"line":2,"column":35},"end":{"line":10,"column":3}},"line":2},"1":{"name":"(anonymous_1)","decl":{"start":{"line":12,"column":17},"end":{"line":12,"column":18}},"loc":{"start":{"line":12,"column":37},"end":{"line":17,"column":3}},"line":12}},"branchMap":{"0":{"loc":{"start":{"line":4,"column":4},"end":{"line":8,"column":5}},"type":"if","locations":[{"start":{"line":4,"column":4},"end":{"line":8,"column":5}},{"start":{},"end":{}}],"line":4},"1":{"loc":{"start":{"line":4,"column":8},"end":{"line":4,"column":88}},"type":"binary-expr","locations":[{"start":{"line":4,"column":8},"end":{"line":4,"column":40}},{"start":{"line":4,"column":44},"end":{"line":4,"column":88}}],"line":4},"2":{"loc":{"start":{"line":13,"column":4},"end":{"line":15,"column":5}},"type":"if","locations":[{"start":{"line":13,"column":4},"end":{"line":15,"column":5}},{"start":{},"end":{}}],"line":13},"3":{"loc":{"start":{"line":13,"column":8},"end":{"line":13,"column":88}},"type":"binary-expr","locations":[{"start":{"line":13,"column":8},"end":{"line":13,"column":40}},{"start":{"line":13,"column":44},"end":{"line":13,"column":88}}],"line":13}},"s":{"0":1,"1":0,"2":0,"3":0,"4":0,"5":0,"6":0,"7":0,"8":0},"f":{"0":0,"1":0},"b":{"0":[0,0],"1":[0,0],"2":[0,0],"3":[0,0]},"_coverageSchema":"1a1c01bbd47fc00a2c39e90264f33305004495a9","hash":"16c6ff22dc54f2a4a10ae0bb838746a223955c82"}
,"/Users/melanie.rogan/Documents/tps-lookup/searchRoutes.js": {"path":"/Users/melanie.rogan/Documents/tps-lookup/searchRoutes.js","statementMap":{"0":{"start":{"line":1,"column":16},"end":{"line":1,"column":34}},"1":{"start":{"line":2,"column":11},"end":{"line":2,"column":24}},"2":{"start":{"line":3,"column":15},"end":{"line":3,"column":34}},"3":{"start":{"line":4,"column":22},"end":{"line":4,"column":37}},"4":{"start":{"line":5,"column":24},"end":{"line":5,"column":48}},"5":{"start":{"line":6,"column":21},"end":{"line":6,"column":46}},"6":{"start":{"line":7,"column":33},"end":{"line":7,"column":53}},"7":{"start":{"line":9,"column":15},"end":{"line":9,"column":31}},"8":{"start":{"line":10,"column":0},"end":{"line":10,"column":27}},"9":{"start":{"line":13,"column":2},"end":{"line":13,"column":43}},"10":{"start":{"line":16,"column":0},"end":{"line":81,"column":2}},"11":{"start":{"line":17,"column":2},"end":{"line":19,"column":3}},"12":{"start":{"line":18,"column":4},"end":{"line":18,"column":28}},"13":{"start":{"line":21,"column":2},"end":{"line":21,"column":26}},"14":{"start":{"line":22,"column":2},"end":{"line":22,"column":27}},"15":{"start":{"line":24,"column":2},"end":{"line":78,"column":5}},"16":{"start":{"line":26,"column":4},"end":{"line":28,"column":5}},"17":{"start":{"line":27,"column":6},"end":{"line":27,"column":76}},"18":{"start":{"line":29,"column":4},"end":{"line":77,"column":7}},"19":{"start":{"line":30,"column":22},"end":{"line":30,"column":24}},"20":{"start":{"line":32,"column":6},"end":{"line":70,"column":7}},"21":{"start":{"line":33,"column":23},"end":{"line":67,"column":12}},"22":{"start":{"line":35,"column":10},"end":{"line":39,"column":11}},"23":{"start":{"line":36,"column":24},"end":{"line":36,"column":77}},"24":{"start":{"line":37,"column":12},"end":{"line":37,"column":29}},"25":{"start":{"line":38,"column":12},"end":{"line":38,"column":22}},"26":{"start":{"line":41,"column":25},"end":{"line":46,"column":11}},"27":{"start":{"line":48,"column":25},"end":{"line":48,"column":62}},"28":{"start":{"line":50,"column":10},"end":{"line":61,"column":11}},"29":{"start":{"line":51,"column":33},"end":{"line":59,"column":14}},"30":{"start":{"line":60,"column":12},"end":{"line":60,"column":59}},"31":{"start":{"line":63,"column":10},"end":{"line":66,"column":12}},"32":{"start":{"line":69,"column":8},"end":{"line":69,"column":29}},"33":{"start":{"line":72,"column":6},"end":{"line":72,"column":28}},"34":{"start":{"line":75,"column":6},"end":{"line":75,"column":23}},"35":{"start":{"line":76,"column":6},"end":{"line":76,"column":16}},"36":{"start":{"line":80,"column":2},"end":{"line":80,"column":29}}},"fnMap":{"0":{"name":"validateNumber","decl":{"start":{"line":12,"column":9},"end":{"line":12,"column":23}},"loc":{"start":{"line":12,"column":34},"end":{"line":14,"column":1}},"line":12},"1":{"name":"(anonymous_1)","decl":{"start":{"line":16,"column":17},"end":{"line":16,"column":18}},"loc":{"start":{"line":16,"column":26},"end":{"line":81,"column":1}},"line":16},"2":{"name":"(anonymous_2)","decl":{"start":{"line":24,"column":19},"end":{"line":24,"column":20}},"loc":{"start":{"line":24,"column":39},"end":{"line":78,"column":3}},"line":24},"3":{"name":"(anonymous_3)","decl":{"start":{"line":29,"column":7},"end":{"line":29,"column":8}},"loc":{"start":{"line":29,"column":20},"end":{"line":74,"column":5}},"line":29},"4":{"name":"(anonymous_4)","decl":{"start":{"line":33,"column":30},"end":{"line":33,"column":31}},"loc":{"start":{"line":33,"column":43},"end":{"line":67,"column":9}},"line":33},"5":{"name":"(anonymous_5)","decl":{"start":{"line":74,"column":13},"end":{"line":74,"column":14}},"loc":{"start":{"line":74,"column":22},"end":{"line":77,"column":5}},"line":74}},"branchMap":{"0":{"loc":{"start":{"line":17,"column":2},"end":{"line":19,"column":3}},"type":"if","locations":[{"start":{"line":17,"column":2},"end":{"line":19,"column":3}},{"start":{},"end":{}}],"line":17},"1":{"loc":{"start":{"line":26,"column":4},"end":{"line":28,"column":5}},"type":"if","locations":[{"start":{"line":26,"column":4},"end":{"line":28,"column":5}},{"start":{},"end":{}}],"line":26},"2":{"loc":{"start":{"line":35,"column":10},"end":{"line":39,"column":11}},"type":"if","locations":[{"start":{"line":35,"column":10},"end":{"line":39,"column":11}},{"start":{},"end":{}}],"line":35},"3":{"loc":{"start":{"line":50,"column":10},"end":{"line":61,"column":11}},"type":"if","locations":[{"start":{"line":50,"column":10},"end":{"line":61,"column":11}},{"start":{},"end":{}}],"line":50}},"s":{"0":1,"1":1,"2":1,"3":1,"4":1,"5":1,"6":1,"7":1,"8":1,"9":3,"10":1,"11":1,"12":0,"13":1,"14":1,"15":1,"16":3,"17":0,"18":3,"19":3,"20":3,"21":3,"22":3,"23":1,"24":1,"25":1,"26":2,"27":2,"28":2,"29":1,"30":1,"31":2,"32":2,"33":2,"34":1,"35":1,"36":1},"f":{"0":3,"1":1,"2":3,"3":3,"4":3,"5":1},"b":{"0":[0,1],"1":[0,3],"2":[1,2],"3":[1,1]},"_coverageSchema":"1a1c01bbd47fc00a2c39e90264f33305004495a9","hash":"951ffb13be6fde2ca36027b8ba6741fc8dd4f500"}
}
