{"/Users/melanie.rogan/Documents/tps-lookup/okta.js": {"path":"/Users/melanie.rogan/Documents/tps-lookup/okta.js","statementMap":{"0":{"start":{"line":1,"column":23},"end":{"line":1,"column":74}},"1":{"start":{"line":2,"column":16},"end":{"line":2,"column":42}},"2":{"start":{"line":4,"column":13},"end":{"line":10,"column":2}},"3":{"start":{"line":12,"column":23},"end":{"line":21,"column":2}},"4":{"start":{"line":23,"column":0},"end":{"line":26,"column":2}}},"fnMap":{},"branchMap":{},"s":{"0":1,"1":1,"2":1,"3":1,"4":1},"f":{},"b":{},"_coverageSchema":"1a1c01bbd47fc00a2c39e90264f33305004495a9","hash":"c3208a8283ad56ca2ec443fefc802a8b0c7ee8d2"}
}
