TN:
SF:config.js
FNF:0
FNH:0
DA:1,1
DA:4,1
DA:5,1
DA:8,1
DA:9,1
DA:10,1
DA:11,1
DA:14,1
DA:15,1
DA:16,1
DA:17,1
DA:18,1
LF:12
LH:12
BRDA:4,0,0,1
BRDA:4,0,1,0
BRDA:5,1,0,1
BRDA:5,1,1,1
BRDA:14,2,0,1
BRDA:14,2,1,0
BRDA:17,3,0,1
BRDA:17,3,1,0
BRDA:18,4,0,1
BRDA:18,4,1,1
BRF:10
BRH:7
end_of_record
TN:
SF:ensureHttps.js
FN:2,(anonymous_0)
FN:12,(anonymous_1)
FNF:2
FNH:0
FNDA:0,(anonymous_0)
FNDA:0,(anonymous_1)
DA:1,1
DA:4,0
DA:5,0
DA:6,0
DA:7,0
DA:9,0
DA:13,0
DA:14,0
DA:16,0
LF:9
LH:1
BRDA:4,0,0,0
BRDA:4,0,1,0
BRDA:4,1,0,0
BRDA:4,1,1,0
BRDA:13,2,0,0
BRDA:13,2,1,0
BRDA:13,3,0,0
BRDA:13,3,1,0
BRF:8
BRH:0
end_of_record
TN:
SF:searchRoutes.js
FN:12,validateNumber
FN:16,(anonymous_1)
FN:24,(anonymous_2)
FN:29,(anonymous_3)
FN:33,(anonymous_4)
FN:74,(anonymous_5)
FNF:6
FNH:6
FNDA:3,validateNumber
FNDA:1,(anonymous_1)
FNDA:3,(anonymous_2)
FNDA:3,(anonymous_3)
FNDA:3,(anonymous_4)
FNDA:1,(anonymous_5)
DA:1,1
DA:2,1
DA:3,1
DA:4,1
DA:5,1
DA:6,1
DA:7,1
DA:9,1
DA:10,1
DA:13,3
DA:16,1
DA:17,1
DA:18,0
DA:21,1
DA:22,1
DA:24,1
DA:26,3
DA:27,0
DA:29,3
DA:30,3
DA:32,3
DA:33,3
DA:35,3
DA:36,1
DA:37,1
DA:38,1
DA:41,2
DA:48,2
DA:50,2
DA:51,1
DA:60,1
DA:63,2
DA:69,2
DA:72,2
DA:75,1
DA:76,1
DA:80,1
LF:37
LH:35
BRDA:17,0,0,0
BRDA:17,0,1,1
BRDA:26,1,0,0
BRDA:26,1,1,3
BRDA:35,2,0,1
BRDA:35,2,1,2
BRDA:50,3,0,1
BRDA:50,3,1,1
BRF:8
BRH:6
end_of_record
