TN:
SF:authenticate.js
FN:5,(anonymous_0)
FNF:1
FNH:1
FNDA:2,(anonymous_0)
DA:1,2
DA:2,2
DA:3,2
DA:5,2
DA:6,2
DA:7,2
DA:8,1
DA:11,1
LF:8
LH:8
BRDA:7,0,0,1
BRDA:7,0,1,1
BRDA:7,1,0,2
BRDA:7,1,1,2
BRF:4
BRH:4
end_of_record
TN:
SF:config.js
FNF:0
FNH:0
DA:1,2
DA:4,2
DA:5,2
DA:8,2
DA:9,2
DA:10,2
DA:11,2
DA:14,2
DA:15,2
DA:16,2
DA:17,2
DA:18,2
LF:12
LH:12
BRDA:4,0,0,2
BRDA:4,0,1,0
BRDA:5,1,0,2
BRDA:5,1,1,2
BRDA:14,2,0,2
BRDA:14,2,1,0
BRDA:17,3,0,2
BRDA:17,3,1,0
BRDA:18,4,0,2
BRDA:18,4,1,0
BRF:10
BRH:6
end_of_record
